;  LST file generated by mikroListExporter - v.2.0 
; Date/Time: 22/12/2022 10:38:01
;----------------------------------------------

;Address Opcode 	ASM
0x0000	0x2A44      	GOTO       580
_UART_RCV:
0x0004	0x00FF      	MOVWF      R15
0x0005	0x0E03      	SWAPF      STATUS, 0
0x0006	0x0183      	CLRF       STATUS
0x0007	0x00EA      	MOVWF      ___saveSTATUS
0x0008	0x080A      	MOVF       PCLATH, 0
0x0009	0x00E7      	MOVWF      ___savePCLATH
0x000A	0x018A      	CLRF       PCLATH
0x000B	0x0870      	MOVF       R0, 0
0x000C	0x00A1      	MOVWF      33
0x000D	0x0871      	MOVF       R1, 0
0x000E	0x00A0      	MOVWF      32
0x000F	0x0804      	MOVF       FSR, 0
0x0010	0x00A2      	MOVWF      34
;PCB_TITAN_PUMPCONTROLLER.c,46 :: 		void UART_RCV() iv 0x0004 ics ICS_AUTO {
;PCB_TITAN_PUMPCONTROLLER.c,48 :: 		if(TMR0IF_bit == 1)
0x0011	0x1D0B      	BTFSS      TMR0IF_bit, BitPos(TMR0IF_bit+0)
0x0012	0x282E      	GOTO       L_UART_RCV0
;PCB_TITAN_PUMPCONTROLLER.c,50 :: 		++ticks;
0x0013	0x0854      	MOVF       _ticks, 0
0x0014	0x00F0      	MOVWF      R0
0x0015	0x0855      	MOVF       _ticks+1, 0
0x0016	0x00F1      	MOVWF      R0+1
0x0017	0x0856      	MOVF       _ticks+2, 0
0x0018	0x00F2      	MOVWF      R0+2
0x0019	0x0857      	MOVF       _ticks+3, 0
0x001A	0x00F3      	MOVWF      R0+3
0x001B	0x0AF0      	INCF       R0, 1
0x001C	0x1903      	BTFSC      STATUS, 2
0x001D	0x0AF1      	INCF       R0+1, 1
0x001E	0x1903      	BTFSC      STATUS, 2
0x001F	0x0AF2      	INCF       R0+2, 1
0x0020	0x1903      	BTFSC      STATUS, 2
0x0021	0x0AF3      	INCF       R0+3, 1
0x0022	0x0870      	MOVF       R0, 0
0x0023	0x00D4      	MOVWF      _ticks
0x0024	0x0871      	MOVF       R0+1, 0
0x0025	0x00D5      	MOVWF      _ticks+1
0x0026	0x0872      	MOVF       R0+2, 0
0x0027	0x00D6      	MOVWF      _ticks+2
0x0028	0x0873      	MOVF       R0+3, 0
0x0029	0x00D7      	MOVWF      _ticks+3
;PCB_TITAN_PUMPCONTROLLER.c,51 :: 		TMR0                 = 100; //10ms
0x002A	0x3064      	MOVLW      100
0x002B	0x0081      	MOVWF      TMR0
;PCB_TITAN_PUMPCONTROLLER.c,52 :: 		TMR0IF_bit = 0;
0x002C	0x110B      	BCF        TMR0IF_bit, BitPos(TMR0IF_bit+0)
;PCB_TITAN_PUMPCONTROLLER.c,53 :: 		}
0x002D	0x285B      	GOTO       L_UART_RCV1
L_UART_RCV0:
;PCB_TITAN_PUMPCONTROLLER.c,55 :: 		if(PIR1.RCIF == 1)
0x002E	0x1E8C      	BTFSS      PIR1, 5
0x002F	0x285B      	GOTO       L_UART_RCV2
;PCB_TITAN_PUMPCONTROLLER.c,57 :: 		sdata = UART1_Read();
0x0030	0x2208      	CALL       _UART1_Read
0x0031	0x0870      	MOVF       R0, 0
0x0032	0x1683      	BSF        STATUS, 5
0x0033	0x00B6      	MOVWF      UART_RCV_sdata_L0
;PCB_TITAN_PUMPCONTROLLER.c,58 :: 		if(sdata == '[')     //Ex: [V2V01] - [AUT]
0x0034	0x0870      	MOVF       R0, 0
0x0035	0x3A5B      	XORLW      91
0x0036	0x1D03      	BTFSS      STATUS, 2
0x0037	0x283E      	GOTO       L_UART_RCV3
;PCB_TITAN_PUMPCONTROLLER.c,60 :: 		Pot = Dta;       //Salva o endereço da matriz no ponteiro
0x0038	0x30A0      	MOVLW      _Dta
0x0039	0x1283      	BCF        STATUS, 5
0x003A	0x00DE      	MOVWF      _Pot
;PCB_TITAN_PUMPCONTROLLER.c,61 :: 		_Aux = 1;        //Flag que informa o início do protocolo
0x003B	0x3001      	MOVLW      1
0x003C	0x00D3      	MOVWF      __Aux
;PCB_TITAN_PUMPCONTROLLER.c,62 :: 		}
0x003D	0x2858      	GOTO       L_UART_RCV4
L_UART_RCV3:
;PCB_TITAN_PUMPCONTROLLER.c,64 :: 		if(sdata == ']' && _Aux == 1)
0x003E	0x1683      	BSF        STATUS, 5
0x003F	0x0836      	MOVF       UART_RCV_sdata_L0, 0
0x0040	0x3A5D      	XORLW      93
0x0041	0x1D03      	BTFSS      STATUS, 2
0x0042	0x284B      	GOTO       L_UART_RCV7
0x0043	0x1283      	BCF        STATUS, 5
0x0044	0x0853      	MOVF       __Aux, 0
0x0045	0x3A01      	XORLW      1
0x0046	0x1D03      	BTFSS      STATUS, 2
0x0047	0x284B      	GOTO       L_UART_RCV7
L__UART_RCV54:
;PCB_TITAN_PUMPCONTROLLER.c,66 :: 		_Aux = 0;
0x0048	0x01D3      	CLRF       __Aux
;PCB_TITAN_PUMPCONTROLLER.c,69 :: 		DecodificaProtocolo();
0x0049	0x2213      	CALL       _DecodificaProtocolo
;PCB_TITAN_PUMPCONTROLLER.c,70 :: 		}
0x004A	0x2858      	GOTO       L_UART_RCV8
L_UART_RCV7:
;PCB_TITAN_PUMPCONTROLLER.c,72 :: 		if (_Aux == 1)
0x004B	0x1283      	BCF        STATUS, 5
0x004C	0x1303      	BCF        STATUS, 6
0x004D	0x0853      	MOVF       __Aux, 0
0x004E	0x3A01      	XORLW      1
0x004F	0x1D03      	BTFSS      STATUS, 2
0x0050	0x2858      	GOTO       L_UART_RCV9
;PCB_TITAN_PUMPCONTROLLER.c,74 :: 		*Pot = sdata;
0x0051	0x085E      	MOVF       _Pot, 0
0x0052	0x0084      	MOVWF      FSR
0x0053	0x1683      	BSF        STATUS, 5
0x0054	0x0836      	MOVF       UART_RCV_sdata_L0, 0
0x0055	0x0080      	MOVWF      INDF
;PCB_TITAN_PUMPCONTROLLER.c,75 :: 		++Pot;
0x0056	0x1283      	BCF        STATUS, 5
0x0057	0x0ADE      	INCF       _Pot, 1
;PCB_TITAN_PUMPCONTROLLER.c,77 :: 		}
L_UART_RCV9:
L_UART_RCV8:
L_UART_RCV4:
0x0058	0x1283      	BCF        STATUS, 5
0x0059	0x1303      	BCF        STATUS, 6
;PCB_TITAN_PUMPCONTROLLER.c,78 :: 		PIR1.RCIF = 0;
0x005A	0x128C      	BCF        PIR1, 5
;PCB_TITAN_PUMPCONTROLLER.c,79 :: 		}
L_UART_RCV2:
L_UART_RCV1:
;PCB_TITAN_PUMPCONTROLLER.c,81 :: 		}
L_end_UART_RCV:
L__UART_RCV61:
0x005B	0x0821      	MOVF       33, 0
0x005C	0x00F0      	MOVWF      R0
0x005D	0x0820      	MOVF       32, 0
0x005E	0x00F1      	MOVWF      R1
0x005F	0x0822      	MOVF       34, 0
0x0060	0x0084      	MOVWF      FSR
0x0061	0x0867      	MOVF       ___savePCLATH, 0
0x0062	0x008A      	MOVWF      PCLATH
0x0063	0x0E6A      	SWAPF      ___saveSTATUS, 0
0x0064	0x0083      	MOVWF      STATUS
0x0065	0x0EFF      	SWAPF      R15, 1
0x0066	0x0E7F      	SWAPF      R15, 0
0x0067	0x0009      	RETFIE
; end of _UART_RCV
_MBReceive_On_RS485:
;PCB_TITAN_PUMPCONTROLLER.c,262 :: 		void MBReceive_On_RS485( void )
;PCB_TITAN_PUMPCONTROLLER.c,264 :: 		while (TXSTA.TRMT == 0) ;
L_MBReceive_On_RS48552:
0x0068	0x1683      	BSF        STATUS, 5
0x0069	0x1303      	BCF        STATUS, 6
0x006A	0x1898      	BTFSC      TXSTA, 1
0x006B	0x286D      	GOTO       L_MBReceive_On_RS48553
0x006C	0x2868      	GOTO       L_MBReceive_On_RS48552
L_MBReceive_On_RS48553:
;PCB_TITAN_PUMPCONTROLLER.c,267 :: 		TRISA.TRISA0 = 0;
0x006D	0x1005      	BCF        TRISA, 0
;PCB_TITAN_PUMPCONTROLLER.c,268 :: 		PORTA.RA0=0;
0x006E	0x1283      	BCF        STATUS, 5
0x006F	0x1005      	BCF        PORTA, 0
;PCB_TITAN_PUMPCONTROLLER.c,269 :: 		}
L_end_MBReceive_On_RS485:
0x0070	0x0008      	RETURN
; end of _MBReceive_On_RS485
_UART1_Write:
;__Lib_UART_c67.c,39 :: 		
;__Lib_UART_c67.c,40 :: 		
L_UART1_Write3:
0x0071	0x1683      	BSF        STATUS, 5
0x0072	0x1303      	BCF        STATUS, 6
0x0073	0x1898      	BTFSC      TXSTA, 1
0x0074	0x2877      	GOTO       L_UART1_Write4
;__Lib_UART_c67.c,41 :: 		
0x0075	0x0000      	NOP
0x0076	0x2871      	GOTO       L_UART1_Write3
L_UART1_Write4:
;__Lib_UART_c67.c,42 :: 		
0x0077	0x0835      	MOVF       FARG_UART1_Write_data_, 0
0x0078	0x1283      	BCF        STATUS, 5
0x0079	0x0099      	MOVWF      TXREG
;__Lib_UART_c67.c,43 :: 		
L_end_UART1_Write:
0x007A	0x0008      	RETURN
; end of _UART1_Write
_MBTransmit_On_RS485:
;PCB_TITAN_PUMPCONTROLLER.c,254 :: 		void MBTransmit_On_RS485( void ) {
;PCB_TITAN_PUMPCONTROLLER.c,258 :: 		TRISA.TRISA0 = 0;
0x007B	0x1683      	BSF        STATUS, 5
0x007C	0x1303      	BCF        STATUS, 6
0x007D	0x1005      	BCF        TRISA, 0
;PCB_TITAN_PUMPCONTROLLER.c,259 :: 		PORTA.RA0=1;
0x007E	0x1283      	BCF        STATUS, 5
0x007F	0x1405      	BSF        PORTA, 0
;PCB_TITAN_PUMPCONTROLLER.c,260 :: 		}
L_end_MBTransmit_On_RS485:
0x0080	0x0008      	RETURN
; end of _MBTransmit_On_RS485
_uart_rx_enable:
;PCB_TITAN_PUMPCONTROLLER.c,241 :: 		void uart_rx_enable( void )
;PCB_TITAN_PUMPCONTROLLER.c,244 :: 		MBReceive_On_RS485();
0x0081	0x2068      	CALL       _MBReceive_On_RS485
;PCB_TITAN_PUMPCONTROLLER.c,245 :: 		PIE1.RCIE = 1;
0x0082	0x1683      	BSF        STATUS, 5
0x0083	0x168C      	BSF        PIE1, 5
;PCB_TITAN_PUMPCONTROLLER.c,246 :: 		}
L_end_uart_rx_enable:
0x0084	0x0008      	RETURN
; end of _uart_rx_enable
_UART1_Write_Text:
;__Lib_UART_c67.c,47 :: 		
;__Lib_UART_c67.c,48 :: 		
0x0085	0x1683      	BSF        STATUS, 5
0x0086	0x1303      	BCF        STATUS, 6
0x0087	0x01B4      	CLRF       UART1_Write_Text_counter_L0
;__Lib_UART_c67.c,50 :: 		
0x0088	0x1283      	BCF        STATUS, 5
0x0089	0x086E      	MOVF       FARG_UART1_Write_Text_uart_text, 0
0x008A	0x0084      	MOVWF      FSR
0x008B	0x0800      	MOVF       INDF, 0
0x008C	0x00EF      	MOVWF      UART1_Write_Text_data__L0
;__Lib_UART_c67.c,51 :: 		
L_UART1_Write_Text5:
0x008D	0x086F      	MOVF       UART1_Write_Text_data__L0, 0
0x008E	0x3A00      	XORLW      0
0x008F	0x1903      	BTFSC      STATUS, 2
0x0090	0x289E      	GOTO       L_UART1_Write_Text6
;__Lib_UART_c67.c,52 :: 		
0x0091	0x086F      	MOVF       UART1_Write_Text_data__L0, 0
0x0092	0x1683      	BSF        STATUS, 5
0x0093	0x00B5      	MOVWF      FARG_UART1_Write_data_
0x0094	0x2071      	CALL       _UART1_Write
;__Lib_UART_c67.c,53 :: 		
0x0095	0x1683      	BSF        STATUS, 5
0x0096	0x0AB4      	INCF       UART1_Write_Text_counter_L0, 1
;__Lib_UART_c67.c,54 :: 		
0x0097	0x0834      	MOVF       UART1_Write_Text_counter_L0, 0
0x0098	0x1283      	BCF        STATUS, 5
0x0099	0x076E      	ADDWF      FARG_UART1_Write_Text_uart_text, 0
0x009A	0x0084      	MOVWF      FSR
0x009B	0x0800      	MOVF       INDF, 0
0x009C	0x00EF      	MOVWF      UART1_Write_Text_data__L0
;__Lib_UART_c67.c,55 :: 		
0x009D	0x288D      	GOTO       L_UART1_Write_Text5
L_UART1_Write_Text6:
;__Lib_UART_c67.c,56 :: 		
L_end_UART1_Write_Text:
0x009E	0x0008      	RETURN
; end of _UART1_Write_Text
_uart_rx_disable:
;PCB_TITAN_PUMPCONTROLLER.c,248 :: 		void uart_rx_disable( void )
;PCB_TITAN_PUMPCONTROLLER.c,250 :: 		MBTransmit_On_RS485();
0x009F	0x207B      	CALL       _MBTransmit_On_RS485
;PCB_TITAN_PUMPCONTROLLER.c,251 :: 		PIE1.RCIE = 0;
0x00A0	0x1683      	BSF        STATUS, 5
0x00A1	0x128C      	BCF        PIE1, 5
;PCB_TITAN_PUMPCONTROLLER.c,252 :: 		}
L_end_uart_rx_disable:
0x00A2	0x0008      	RETURN
; end of _uart_rx_disable
_SendStateProtocol:
;PCB_TITAN_PUMPCONTROLLER.c,190 :: 		void SendStateProtocol(unsigned char GPIO, unsigned char txt[4])
;PCB_TITAN_PUMPCONTROLLER.c,192 :: 		uart_rx_disable();
0x00A3	0x209F      	CALL       _uart_rx_disable
;PCB_TITAN_PUMPCONTROLLER.c,193 :: 		UART1_Write_Text("[");
0x00A4	0x303C      	MOVLW      ?lstr11_PCB_TITAN_PUMPCONTROLLER
0x00A5	0x1283      	BCF        STATUS, 5
0x00A6	0x00EE      	MOVWF      FARG_UART1_Write_Text_uart_text
0x00A7	0x2085      	CALL       _UART1_Write_Text
;PCB_TITAN_PUMPCONTROLLER.c,194 :: 		UART1_Write_Text(txt);
0x00A8	0x086D      	MOVF       FARG_SendStateProtocol_txt, 0
0x00A9	0x00EE      	MOVWF      FARG_UART1_Write_Text_uart_text
0x00AA	0x2085      	CALL       _UART1_Write_Text
;PCB_TITAN_PUMPCONTROLLER.c,195 :: 		if(GPIO==0)UART1_Write_Text("0");
0x00AB	0x086C      	MOVF       FARG_SendStateProtocol_GPIO, 0
0x00AC	0x3A00      	XORLW      0
0x00AD	0x1D03      	BTFSS      STATUS, 2
0x00AE	0x28B3      	GOTO       L_SendStateProtocol42
0x00AF	0x303A      	MOVLW      ?lstr12_PCB_TITAN_PUMPCONTROLLER
0x00B0	0x00EE      	MOVWF      FARG_UART1_Write_Text_uart_text
0x00B1	0x2085      	CALL       _UART1_Write_Text
0x00B2	0x28B6      	GOTO       L_SendStateProtocol43
L_SendStateProtocol42:
;PCB_TITAN_PUMPCONTROLLER.c,197 :: 		UART1_Write_Text("1");
0x00B3	0x3038      	MOVLW      ?lstr13_PCB_TITAN_PUMPCONTROLLER
0x00B4	0x00EE      	MOVWF      FARG_UART1_Write_Text_uart_text
0x00B5	0x2085      	CALL       _UART1_Write_Text
L_SendStateProtocol43:
;PCB_TITAN_PUMPCONTROLLER.c,198 :: 		UART1_Write_Text("]");
0x00B6	0x3046      	MOVLW      ?lstr14_PCB_TITAN_PUMPCONTROLLER
0x00B7	0x00EE      	MOVWF      FARG_UART1_Write_Text_uart_text
0x00B8	0x2085      	CALL       _UART1_Write_Text
;PCB_TITAN_PUMPCONTROLLER.c,199 :: 		uart_rx_enable();
0x00B9	0x2081      	CALL       _uart_rx_enable
;PCB_TITAN_PUMPCONTROLLER.c,200 :: 		}
L_end_SendStateProtocol:
0x00BA	0x0008      	RETURN
; end of _SendStateProtocol
_____DoICP:
;__Lib_System.c,6 :: 		
;__Lib_System.c,9 :: 		
0x00BB	0x1283      	BCF        STATUS, 5
0x00BC	0x1303      	BCF        STATUS, 6
0x00BD	0x0869      	MOVF       ___DoICPAddr+1, 0
0x00BE	0x008A      	MOVWF      PCLATH
;__Lib_System.c,10 :: 		
0x00BF	0x0868      	MOVF       ___DoICPAddr, 0
0x00C0	0x0082      	MOVWF      PCL
;__Lib_System.c,12 :: 		
L_end_____DoICP:
0x00C1	0x0008      	RETURN
; end of _____DoICP
_sendports:
;PCB_TITAN_PUMPCONTROLLER.c,165 :: 		void sendports()
;PCB_TITAN_PUMPCONTROLLER.c,167 :: 		SendStateProtocol(CIST1,"ED0");
0x00C2	0x3000      	MOVLW      0
0x00C3	0x1283      	BCF        STATUS, 5
0x00C4	0x1303      	BCF        STATUS, 6
0x00C5	0x1806      	BTFSC      PORTB, 0
0x00C6	0x3001      	MOVLW      1
0x00C7	0x00EC      	MOVWF      FARG_SendStateProtocol_GPIO
0x00C8	0x3042      	MOVLW      ?lstr3_PCB_TITAN_PUMPCONTROLLER
0x00C9	0x00ED      	MOVWF      FARG_SendStateProtocol_txt
0x00CA	0x20A3      	CALL       _SendStateProtocol
;PCB_TITAN_PUMPCONTROLLER.c,168 :: 		Delay_ms(10);
0x00CB	0x301A      	MOVLW      26
0x00CC	0x00FC      	MOVWF      R12
0x00CD	0x30F8      	MOVLW      248
0x00CE	0x00FD      	MOVWF      R13
L_sendports35:
0x00CF	0x0BFD      	DECFSZ     R13, 1
0x00D0	0x28CF      	GOTO       L_sendports35
0x00D1	0x0BFC      	DECFSZ     R12, 1
0x00D2	0x28CF      	GOTO       L_sendports35
0x00D3	0x0000      	NOP
;PCB_TITAN_PUMPCONTROLLER.c,169 :: 		SendStateProtocol(CIST2,"ED1");
0x00D4	0x3000      	MOVLW      0
0x00D5	0x1283      	BCF        STATUS, 5
0x00D6	0x1886      	BTFSC      PORTB, 1
0x00D7	0x3001      	MOVLW      1
0x00D8	0x00EC      	MOVWF      FARG_SendStateProtocol_GPIO
0x00D9	0x303E      	MOVLW      ?lstr4_PCB_TITAN_PUMPCONTROLLER
0x00DA	0x00ED      	MOVWF      FARG_SendStateProtocol_txt
0x00DB	0x20A3      	CALL       _SendStateProtocol
;PCB_TITAN_PUMPCONTROLLER.c,170 :: 		Delay_ms(10);
0x00DC	0x301A      	MOVLW      26
0x00DD	0x00FC      	MOVWF      R12
0x00DE	0x30F8      	MOVLW      248
0x00DF	0x00FD      	MOVWF      R13
L_sendports36:
0x00E0	0x0BFD      	DECFSZ     R13, 1
0x00E1	0x28E0      	GOTO       L_sendports36
0x00E2	0x0BFC      	DECFSZ     R12, 1
0x00E3	0x28E0      	GOTO       L_sendports36
0x00E4	0x0000      	NOP
;PCB_TITAN_PUMPCONTROLLER.c,171 :: 		SendStateProtocol(CIST_PRINC,"ED2");
0x00E5	0x1283      	BCF        STATUS, 5
0x00E6	0x1906      	BTFSC      PORTB, 2
0x00E7	0x28EA      	GOTO       L__sendports66
0x00E8	0x1403      	BSF        STATUS, 0
0x00E9	0x28EB      	GOTO       L__sendports67
L__sendports66:
0x00EA	0x1003      	BCF        STATUS, 0
L__sendports67:
0x00EB	0x3000      	MOVLW      0
0x00EC	0x1803      	BTFSC      STATUS, 0
0x00ED	0x3001      	MOVLW      1
0x00EE	0x00EC      	MOVWF      FARG_SendStateProtocol_GPIO
0x00EF	0x302B      	MOVLW      ?lstr5_PCB_TITAN_PUMPCONTROLLER
0x00F0	0x00ED      	MOVWF      FARG_SendStateProtocol_txt
0x00F1	0x20A3      	CALL       _SendStateProtocol
;PCB_TITAN_PUMPCONTROLLER.c,172 :: 		Delay_ms(10);
0x00F2	0x301A      	MOVLW      26
0x00F3	0x00FC      	MOVWF      R12
0x00F4	0x30F8      	MOVLW      248
0x00F5	0x00FD      	MOVWF      R13
L_sendports37:
0x00F6	0x0BFD      	DECFSZ     R13, 1
0x00F7	0x28F6      	GOTO       L_sendports37
0x00F8	0x0BFC      	DECFSZ     R12, 1
0x00F9	0x28F6      	GOTO       L_sendports37
0x00FA	0x0000      	NOP
;PCB_TITAN_PUMPCONTROLLER.c,173 :: 		SendStateProtocol(CX_RUA,"ED3");
0x00FB	0x1283      	BCF        STATUS, 5
0x00FC	0x1986      	BTFSC      PORTB, 3
0x00FD	0x2900      	GOTO       L__sendports68
0x00FE	0x1403      	BSF        STATUS, 0
0x00FF	0x2901      	GOTO       L__sendports69
L__sendports68:
0x0100	0x1003      	BCF        STATUS, 0
L__sendports69:
0x0101	0x3000      	MOVLW      0
0x0102	0x1803      	BTFSC      STATUS, 0
0x0103	0x3001      	MOVLW      1
0x0104	0x00EC      	MOVWF      FARG_SendStateProtocol_GPIO
0x0105	0x3027      	MOVLW      ?lstr6_PCB_TITAN_PUMPCONTROLLER
0x0106	0x00ED      	MOVWF      FARG_SendStateProtocol_txt
0x0107	0x20A3      	CALL       _SendStateProtocol
;PCB_TITAN_PUMPCONTROLLER.c,174 :: 		Delay_ms(10);
0x0108	0x301A      	MOVLW      26
0x0109	0x00FC      	MOVWF      R12
0x010A	0x30F8      	MOVLW      248
0x010B	0x00FD      	MOVWF      R13
L_sendports38:
0x010C	0x0BFD      	DECFSZ     R13, 1
0x010D	0x290C      	GOTO       L_sendports38
0x010E	0x0BFC      	DECFSZ     R12, 1
0x010F	0x290C      	GOTO       L_sendports38
0x0110	0x0000      	NOP
;PCB_TITAN_PUMPCONTROLLER.c,175 :: 		SendStateProtocol(SOBRECARGA_CISTERNA,"ED4");
0x0111	0x1283      	BCF        STATUS, 5
0x0112	0x1A06      	BTFSC      PORTB, 4
0x0113	0x2916      	GOTO       L__sendports70
0x0114	0x1403      	BSF        STATUS, 0
0x0115	0x2917      	GOTO       L__sendports71
L__sendports70:
0x0116	0x1003      	BCF        STATUS, 0
L__sendports71:
0x0117	0x3000      	MOVLW      0
0x0118	0x1803      	BTFSC      STATUS, 0
0x0119	0x3001      	MOVLW      1
0x011A	0x00EC      	MOVWF      FARG_SendStateProtocol_GPIO
0x011B	0x3023      	MOVLW      ?lstr7_PCB_TITAN_PUMPCONTROLLER
0x011C	0x00ED      	MOVWF      FARG_SendStateProtocol_txt
0x011D	0x20A3      	CALL       _SendStateProtocol
;PCB_TITAN_PUMPCONTROLLER.c,176 :: 		Delay_ms(10);
0x011E	0x301A      	MOVLW      26
0x011F	0x00FC      	MOVWF      R12
0x0120	0x30F8      	MOVLW      248
0x0121	0x00FD      	MOVWF      R13
L_sendports39:
0x0122	0x0BFD      	DECFSZ     R13, 1
0x0123	0x2922      	GOTO       L_sendports39
0x0124	0x0BFC      	DECFSZ     R12, 1
0x0125	0x2922      	GOTO       L_sendports39
0x0126	0x0000      	NOP
;PCB_TITAN_PUMPCONTROLLER.c,177 :: 		SendStateProtocol(SOBRECARGA_PISCINA,"ED5");
0x0127	0x1283      	BCF        STATUS, 5
0x0128	0x1A86      	BTFSC      PORTB, 5
0x0129	0x292C      	GOTO       L__sendports72
0x012A	0x1403      	BSF        STATUS, 0
0x012B	0x292D      	GOTO       L__sendports73
L__sendports72:
0x012C	0x1003      	BCF        STATUS, 0
L__sendports73:
0x012D	0x3000      	MOVLW      0
0x012E	0x1803      	BTFSC      STATUS, 0
0x012F	0x3001      	MOVLW      1
0x0130	0x00EC      	MOVWF      FARG_SendStateProtocol_GPIO
0x0131	0x3034      	MOVLW      ?lstr8_PCB_TITAN_PUMPCONTROLLER
0x0132	0x00ED      	MOVWF      FARG_SendStateProtocol_txt
0x0133	0x20A3      	CALL       _SendStateProtocol
;PCB_TITAN_PUMPCONTROLLER.c,178 :: 		Delay_ms(10);
0x0134	0x301A      	MOVLW      26
0x0135	0x00FC      	MOVWF      R12
0x0136	0x30F8      	MOVLW      248
0x0137	0x00FD      	MOVWF      R13
L_sendports40:
0x0138	0x0BFD      	DECFSZ     R13, 1
0x0139	0x2938      	GOTO       L_sendports40
0x013A	0x0BFC      	DECFSZ     R12, 1
0x013B	0x2938      	GOTO       L_sendports40
0x013C	0x0000      	NOP
;PCB_TITAN_PUMPCONTROLLER.c,179 :: 		SendStateProtocol(!ACIONA_V2V,"V2V");
0x013D	0x1283      	BCF        STATUS, 5
0x013E	0x1B06      	BTFSC      PORTB, 6
0x013F	0x2942      	GOTO       L__sendports74
0x0140	0x1403      	BSF        STATUS, 0
0x0141	0x2943      	GOTO       L__sendports75
L__sendports74:
0x0142	0x1003      	BCF        STATUS, 0
L__sendports75:
0x0143	0x3000      	MOVLW      0
0x0144	0x1803      	BTFSC      STATUS, 0
0x0145	0x3001      	MOVLW      1
0x0146	0x00EC      	MOVWF      FARG_SendStateProtocol_GPIO
0x0147	0x3030      	MOVLW      ?lstr9_PCB_TITAN_PUMPCONTROLLER
0x0148	0x00ED      	MOVWF      FARG_SendStateProtocol_txt
0x0149	0x20A3      	CALL       _SendStateProtocol
;PCB_TITAN_PUMPCONTROLLER.c,180 :: 		Delay_ms(10);
0x014A	0x301A      	MOVLW      26
0x014B	0x00FC      	MOVWF      R12
0x014C	0x30F8      	MOVLW      248
0x014D	0x00FD      	MOVWF      R13
L_sendports41:
0x014E	0x0BFD      	DECFSZ     R13, 1
0x014F	0x294E      	GOTO       L_sendports41
0x0150	0x0BFC      	DECFSZ     R12, 1
0x0151	0x294E      	GOTO       L_sendports41
0x0152	0x0000      	NOP
;PCB_TITAN_PUMPCONTROLLER.c,181 :: 		SendStateProtocol(FlagAutoReuso,"AUT");
0x0153	0x1283      	BCF        STATUS, 5
0x0154	0x082F      	MOVF       _FlagAutoReuso, 0
0x0155	0x00EC      	MOVWF      FARG_SendStateProtocol_GPIO
0x0156	0x3058      	MOVLW      ?lstr10_PCB_TITAN_PUMPCONTROLLER
0x0157	0x00ED      	MOVWF      FARG_SendStateProtocol_txt
0x0158	0x20A3      	CALL       _SendStateProtocol
;PCB_TITAN_PUMPCONTROLLER.c,188 :: 		}
L_end_sendports:
0x0159	0x0008      	RETURN
; end of _sendports
_REEnviarDados:
;PCB_TITAN_PUMPCONTROLLER.c,202 :: 		void REEnviarDados(unsigned char *retData)
;PCB_TITAN_PUMPCONTROLLER.c,204 :: 		uart_rx_disable();
0x015A	0x209F      	CALL       _uart_rx_disable
;PCB_TITAN_PUMPCONTROLLER.c,205 :: 		UART1_Write('[');       //inicio do protocolo
0x015B	0x305B      	MOVLW      91
0x015C	0x00B5      	MOVWF      FARG_UART1_Write_data_
0x015D	0x2071      	CALL       _UART1_Write
;PCB_TITAN_PUMPCONTROLLER.c,207 :: 		while(*retData != 0)
L_REEnviarDados44:
0x015E	0x086B      	MOVF       FARG_REEnviarDados_retData, 0
0x015F	0x0084      	MOVWF      FSR
0x0160	0x0800      	MOVF       INDF, 0
0x0161	0x3A00      	XORLW      0
0x0162	0x1903      	BTFSC      STATUS, 2
0x0163	0x296C      	GOTO       L_REEnviarDados45
;PCB_TITAN_PUMPCONTROLLER.c,209 :: 		UART1_Write(*retData);   //Conteúdo do protocolo
0x0164	0x086B      	MOVF       FARG_REEnviarDados_retData, 0
0x0165	0x0084      	MOVWF      FSR
0x0166	0x0800      	MOVF       INDF, 0
0x0167	0x1683      	BSF        STATUS, 5
0x0168	0x00B5      	MOVWF      FARG_UART1_Write_data_
0x0169	0x2071      	CALL       _UART1_Write
;PCB_TITAN_PUMPCONTROLLER.c,210 :: 		++retData;
0x016A	0x0AEB      	INCF       FARG_REEnviarDados_retData, 1
;PCB_TITAN_PUMPCONTROLLER.c,211 :: 		}
0x016B	0x295E      	GOTO       L_REEnviarDados44
L_REEnviarDados45:
;PCB_TITAN_PUMPCONTROLLER.c,213 :: 		UART1_Write(']');    //fim do protocolo
0x016C	0x305D      	MOVLW      93
0x016D	0x1683      	BSF        STATUS, 5
0x016E	0x00B5      	MOVWF      FARG_UART1_Write_data_
0x016F	0x2071      	CALL       _UART1_Write
;PCB_TITAN_PUMPCONTROLLER.c,214 :: 		uart_rx_enable();
0x0170	0x2081      	CALL       _uart_rx_enable
;PCB_TITAN_PUMPCONTROLLER.c,215 :: 		}
L_end_REEnviarDados:
0x0171	0x0008      	RETURN
; end of _REEnviarDados
_Delay1:
;PCB_TITAN_PUMPCONTROLLER.c,227 :: 		void Delay1()
;PCB_TITAN_PUMPCONTROLLER.c,229 :: 		if(!timeout(tempoSmsg))return;
0x0172	0x1283      	BCF        STATUS, 5
0x0173	0x1303      	BCF        STATUS, 6
0x0174	0x0857      	MOVF       _ticks+3, 0
0x0175	0x0266      	SUBWF      _tempoSmsg+3, 0
0x0176	0x1D03      	BTFSS      STATUS, 2
0x0177	0x2982      	GOTO       L__Delay180
0x0178	0x0856      	MOVF       _ticks+2, 0
0x0179	0x0265      	SUBWF      _tempoSmsg+2, 0
0x017A	0x1D03      	BTFSS      STATUS, 2
0x017B	0x2982      	GOTO       L__Delay180
0x017C	0x0855      	MOVF       _ticks+1, 0
0x017D	0x0264      	SUBWF      _tempoSmsg+1, 0
0x017E	0x1D03      	BTFSS      STATUS, 2
0x017F	0x2982      	GOTO       L__Delay180
0x0180	0x0854      	MOVF       _ticks, 0
0x0181	0x0263      	SUBWF      _tempoSmsg, 0
L__Delay180:
0x0182	0x1803      	BTFSC      STATUS, 0
0x0183	0x2987      	GOTO       L_Delay146
0x0184	0x3001      	MOVLW      1
0x0185	0x00EB      	MOVWF      ?FLOC___Delay1T106
0x0186	0x2988      	GOTO       L_Delay147
L_Delay146:
0x0187	0x01EB      	CLRF       ?FLOC___Delay1T106
L_Delay147:
0x0188	0x086B      	MOVF       ?FLOC___Delay1T106, 0
0x0189	0x1D03      	BTFSS      STATUS, 2
0x018A	0x298C      	GOTO       L_Delay148
0x018B	0x29A2      	GOTO       L_end_Delay1
L_Delay148:
;PCB_TITAN_PUMPCONTROLLER.c,230 :: 		sendports();
0x018C	0x20C2      	CALL       _sendports
;PCB_TITAN_PUMPCONTROLLER.c,231 :: 		tempoSmsg = start_timer(500);
0x018D	0x30F4      	MOVLW      244
0x018E	0x1283      	BCF        STATUS, 5
0x018F	0x00E3      	MOVWF      _tempoSmsg
0x0190	0x3001      	MOVLW      1
0x0191	0x00E4      	MOVWF      _tempoSmsg+1
0x0192	0x01E5      	CLRF       _tempoSmsg+2
0x0193	0x01E6      	CLRF       _tempoSmsg+3
0x0194	0x0854      	MOVF       _ticks, 0
0x0195	0x07E3      	ADDWF      _tempoSmsg, 1
0x0196	0x0855      	MOVF       _ticks+1, 0
0x0197	0x1803      	BTFSC      STATUS, 0
0x0198	0x0F55      	INCFSZ     _ticks+1, 0
0x0199	0x07E4      	ADDWF      _tempoSmsg+1, 1
0x019A	0x0856      	MOVF       _ticks+2, 0
0x019B	0x1803      	BTFSC      STATUS, 0
0x019C	0x0F56      	INCFSZ     _ticks+2, 0
0x019D	0x07E5      	ADDWF      _tempoSmsg+2, 1
0x019E	0x0857      	MOVF       _ticks+3, 0
0x019F	0x1803      	BTFSC      STATUS, 0
0x01A0	0x0F57      	INCFSZ     _ticks+3, 0
0x01A1	0x07E6      	ADDWF      _tempoSmsg+3, 1
;PCB_TITAN_PUMPCONTROLLER.c,232 :: 		}
L_end_Delay1:
0x01A2	0x0008      	RETURN
; end of _Delay1
_Timers_Init:
;PCB_TITAN_PUMPCONTROLLER.c,217 :: 		void Timers_Init()
;PCB_TITAN_PUMPCONTROLLER.c,219 :: 		OPTION_REG         = 0x86;
0x01A3	0x3086      	MOVLW      134
0x01A4	0x1683      	BSF        STATUS, 5
0x01A5	0x1303      	BCF        STATUS, 6
0x01A6	0x0081      	MOVWF      OPTION_REG
;PCB_TITAN_PUMPCONTROLLER.c,220 :: 		TMR0                 = 100; //10ms
0x01A7	0x3064      	MOVLW      100
0x01A8	0x1283      	BCF        STATUS, 5
0x01A9	0x0081      	MOVWF      TMR0
;PCB_TITAN_PUMPCONTROLLER.c,221 :: 		INTCON         = 0xE0;
0x01AA	0x30E0      	MOVLW      224
0x01AB	0x008B      	MOVWF      INTCON
;PCB_TITAN_PUMPCONTROLLER.c,223 :: 		TMR0IF_bit = 0;
0x01AC	0x110B      	BCF        TMR0IF_bit, BitPos(TMR0IF_bit+0)
;PCB_TITAN_PUMPCONTROLLER.c,224 :: 		TMR0IE_bit         = 1;
0x01AD	0x168B      	BSF        TMR0IE_bit, BitPos(TMR0IE_bit+0)
;PCB_TITAN_PUMPCONTROLLER.c,225 :: 		}
L_end_Timers_Init:
0x01AE	0x0008      	RETURN
; end of _Timers_Init
_UART1_Init:
;__Lib_UART_c67.c,2 :: 		
;__Lib_UART_c67.c,5 :: 		
0x01AF	0x1683      	BSF        STATUS, 5
0x01B0	0x1303      	BCF        STATUS, 6
0x01B1	0x1698      	BSF        TXSTA, 5
;__Lib_UART_c67.c,6 :: 		
0x01B2	0x3090      	MOVLW      144
0x01B3	0x1283      	BCF        STATUS, 5
0x01B4	0x0098      	MOVWF      RCSTA
;__Lib_UART_c67.c,7 :: 		
0x01B5	0x1683      	BSF        STATUS, 5
0x01B6	0x1787      	BSF        TRISC7_bit, BitPos(TRISC7_bit+0)
;__Lib_UART_c67.c,8 :: 		
0x01B7	0x1307      	BCF        TRISC6_bit, BitPos(TRISC6_bit+0)
;__Lib_UART_c67.c,10 :: 		
L_UART1_Init0:
0x01B8	0x1283      	BCF        STATUS, 5
0x01B9	0x1E8C      	BTFSS      PIR1, 5
0x01BA	0x29BE      	GOTO       L_UART1_Init1
;__Lib_UART_c67.c,11 :: 		
0x01BB	0x081A      	MOVF       RCREG, 0
0x01BC	0x00F0      	MOVWF      R0
0x01BD	0x29B8      	GOTO       L_UART1_Init0
L_UART1_Init1:
;__Lib_UART_c67.c,12 :: 		
L_end_UART1_Init:
0x01BE	0x0008      	RETURN
; end of _UART1_Init
_Init_cfgMCU:
;PCB_TITAN_PUMPCONTROLLER.c,134 :: 		void Init_cfgMCU()
;PCB_TITAN_PUMPCONTROLLER.c,136 :: 		ANSEL = 0;
0x01BF	0x1683      	BSF        STATUS, 5
0x01C0	0x1703      	BSF        STATUS, 6
0x01C1	0x0188      	CLRF       ANSEL
;PCB_TITAN_PUMPCONTROLLER.c,137 :: 		ANSELH = 0;      // (I/O digital)
0x01C2	0x0189      	CLRF       ANSELH
;PCB_TITAN_PUMPCONTROLLER.c,139 :: 		TRISB = 0x3F; //DIGITAL OUTPUT RB7-RB6 - DIGITAL INPUT RB0..5
0x01C3	0x303F      	MOVLW      63
0x01C4	0x0086      	MOVWF      TRISB
;PCB_TITAN_PUMPCONTROLLER.c,140 :: 		TRISA.TRISA0 = 0;
0x01C5	0x1303      	BCF        STATUS, 6
0x01C6	0x1005      	BCF        TRISA, 0
;PCB_TITAN_PUMPCONTROLLER.c,142 :: 		PORTB.RB6 = 1;
0x01C7	0x1283      	BCF        STATUS, 5
0x01C8	0x1706      	BSF        PORTB, 6
;PCB_TITAN_PUMPCONTROLLER.c,143 :: 		PORTB.RB7 = 0;
0x01C9	0x1386      	BCF        PORTB, 7
;PCB_TITAN_PUMPCONTROLLER.c,144 :: 		PORTA.RA0=0;
0x01CA	0x1005      	BCF        PORTA, 0
;PCB_TITAN_PUMPCONTROLLER.c,145 :: 		}
L_end_Init_cfgMCU:
0x01CB	0x0008      	RETURN
; end of _Init_cfgMCU
_Delay2:
;PCB_TITAN_PUMPCONTROLLER.c,234 :: 		void Delay2()
;PCB_TITAN_PUMPCONTROLLER.c,236 :: 		if(!timeout(tempoLed))return;
0x01CC	0x1283      	BCF        STATUS, 5
0x01CD	0x1303      	BCF        STATUS, 6
0x01CE	0x0857      	MOVF       _ticks+3, 0
0x01CF	0x0262      	SUBWF      _tempoLed+3, 0
0x01D0	0x1D03      	BTFSS      STATUS, 2
0x01D1	0x29DC      	GOTO       L__Delay282
0x01D2	0x0856      	MOVF       _ticks+2, 0
0x01D3	0x0261      	SUBWF      _tempoLed+2, 0
0x01D4	0x1D03      	BTFSS      STATUS, 2
0x01D5	0x29DC      	GOTO       L__Delay282
0x01D6	0x0855      	MOVF       _ticks+1, 0
0x01D7	0x0260      	SUBWF      _tempoLed+1, 0
0x01D8	0x1D03      	BTFSS      STATUS, 2
0x01D9	0x29DC      	GOTO       L__Delay282
0x01DA	0x0854      	MOVF       _ticks, 0
0x01DB	0x025F      	SUBWF      _tempoLed, 0
L__Delay282:
0x01DC	0x1803      	BTFSC      STATUS, 0
0x01DD	0x29E1      	GOTO       L_Delay249
0x01DE	0x3001      	MOVLW      1
0x01DF	0x00F1      	MOVWF      R1
0x01E0	0x29E2      	GOTO       L_Delay250
L_Delay249:
0x01E1	0x01F1      	CLRF       R1
L_Delay250:
0x01E2	0x0871      	MOVF       R1, 0
0x01E3	0x1D03      	BTFSS      STATUS, 2
0x01E4	0x29E6      	GOTO       L_Delay251
0x01E5	0x29FB      	GOTO       L_end_Delay2
L_Delay251:
;PCB_TITAN_PUMPCONTROLLER.c,237 :: 		PORTB.RB7^=1; //ToggleLED
0x01E6	0x3080      	MOVLW      128
0x01E7	0x0686      	XORWF      PORTB, 1
;PCB_TITAN_PUMPCONTROLLER.c,238 :: 		tempoLed = start_timer(50);
0x01E8	0x3032      	MOVLW      50
0x01E9	0x00DF      	MOVWF      _tempoLed
0x01EA	0x01E0      	CLRF       _tempoLed+1
0x01EB	0x01E1      	CLRF       _tempoLed+2
0x01EC	0x01E2      	CLRF       _tempoLed+3
0x01ED	0x0854      	MOVF       _ticks, 0
0x01EE	0x07DF      	ADDWF      _tempoLed, 1
0x01EF	0x0855      	MOVF       _ticks+1, 0
0x01F0	0x1803      	BTFSC      STATUS, 0
0x01F1	0x0F55      	INCFSZ     _ticks+1, 0
0x01F2	0x07E0      	ADDWF      _tempoLed+1, 1
0x01F3	0x0856      	MOVF       _ticks+2, 0
0x01F4	0x1803      	BTFSC      STATUS, 0
0x01F5	0x0F56      	INCFSZ     _ticks+2, 0
0x01F6	0x07E1      	ADDWF      _tempoLed+2, 1
0x01F7	0x0857      	MOVF       _ticks+3, 0
0x01F8	0x1803      	BTFSC      STATUS, 0
0x01F9	0x0F57      	INCFSZ     _ticks+3, 0
0x01FA	0x07E2      	ADDWF      _tempoLed+3, 1
;PCB_TITAN_PUMPCONTROLLER.c,239 :: 		}
L_end_Delay2:
0x01FB	0x0008      	RETURN
; end of _Delay2
___CC2DW:
;__Lib_System.c,134 :: 		
;__Lib_System.c,137 :: 		
_CC2D_Loop1:
;__Lib_System.c,139 :: 		
0x01FC	0x20BB      	CALL       _____DoICP
0x01FD	0x118A      	BCF        PCLATH, 3
0x01FE	0x120A      	BCF        PCLATH, 4
;__Lib_System.c,141 :: 		
0x01FF	0x0080      	MOVWF      INDF
;__Lib_System.c,142 :: 		
0x0200	0x0A84      	INCF       FSR, 1
;__Lib_System.c,143 :: 		
0x0201	0x0AE8      	INCF       ___DoICPAddr, 1
;__Lib_System.c,145 :: 		
0x0202	0x1903      	BTFSC      STATUS, 2
;__Lib_System.c,146 :: 		
0x0203	0x0AE9      	INCF       ___DoICPAddr+1, 1
;__Lib_System.c,147 :: 		
0x0204	0x03F0      	DECF       R0, 1
;__Lib_System.c,149 :: 		
0x0205	0x1D03      	BTFSS      STATUS, 2
;__Lib_System.c,150 :: 		
0x0206	0x29FC      	GOTO       _CC2D_Loop1
;__Lib_System.c,152 :: 		
L_end___CC2DW:
0x0207	0x0008      	RETURN
; end of ___CC2DW
_UART1_Read:
;__Lib_UART_c67.c,21 :: 		
;__Lib_UART_c67.c,24 :: 		
0x0208	0x1283      	BCF        STATUS, 5
0x0209	0x1303      	BCF        STATUS, 6
0x020A	0x081A      	MOVF       RCREG, 0
0x020B	0x00F1      	MOVWF      R1
;__Lib_UART_c67.c,25 :: 		
0x020C	0x1C98      	BTFSS      RCSTA, 1
0x020D	0x2A10      	GOTO       L_UART1_Read2
;__Lib_UART_c67.c,26 :: 		
0x020E	0x1218      	BCF        RCSTA, 4
;__Lib_UART_c67.c,27 :: 		
0x020F	0x1618      	BSF        RCSTA, 4
;__Lib_UART_c67.c,28 :: 		
L_UART1_Read2:
;__Lib_UART_c67.c,29 :: 		
0x0210	0x0871      	MOVF       R1, 0
0x0211	0x00F0      	MOVWF      R0
;__Lib_UART_c67.c,30 :: 		
L_end_UART1_Read:
0x0212	0x0008      	RETURN
; end of _UART1_Read
_DecodificaProtocolo:
;PCB_TITAN_PUMPCONTROLLER.c,147 :: 		void DecodificaProtocolo()
;PCB_TITAN_PUMPCONTROLLER.c,152 :: 		if(Dta[0] == 'V' && Dta[1] == '2' && Dta[2] == 'V')
0x0213	0x1683      	BSF        STATUS, 5
0x0214	0x1303      	BCF        STATUS, 6
0x0215	0x0820      	MOVF       _Dta, 0
0x0216	0x3A56      	XORLW      86
0x0217	0x1D03      	BTFSS      STATUS, 2
0x0218	0x2A2C      	GOTO       L_DecodificaProtocolo30
0x0219	0x0821      	MOVF       _Dta+1, 0
0x021A	0x3A32      	XORLW      50
0x021B	0x1D03      	BTFSS      STATUS, 2
0x021C	0x2A2C      	GOTO       L_DecodificaProtocolo30
0x021D	0x0822      	MOVF       _Dta+2, 0
0x021E	0x3A56      	XORLW      86
0x021F	0x1D03      	BTFSS      STATUS, 2
0x0220	0x2A2C      	GOTO       L_DecodificaProtocolo30
L__DecodificaProtocolo59:
;PCB_TITAN_PUMPCONTROLLER.c,153 :: 		{FlagLigaV2V = (Dta[3] - '0');
0x0221	0x3030      	MOVLW      48
0x0222	0x0223      	SUBWF      _Dta+3, 0
0x0223	0x1283      	BCF        STATUS, 5
0x0224	0x00DD      	MOVWF      _FlagLigaV2V
;PCB_TITAN_PUMPCONTROLLER.c,154 :: 		tmp = &FlagReenvmsg1;
0x0225	0x305C      	MOVLW      _FlagReenvmsg1
0x0226	0x00F1      	MOVWF      R1
;PCB_TITAN_PUMPCONTROLLER.c,155 :: 		*tmp = 1;
0x0227	0x0871      	MOVF       R1, 0
0x0228	0x0084      	MOVWF      FSR
0x0229	0x3001      	MOVLW      1
0x022A	0x0080      	MOVWF      INDF
;PCB_TITAN_PUMPCONTROLLER.c,156 :: 		}   //Todo valor (0 a 9) ASCII pode ser convertido para número subtraindo por '0'
0x022B	0x2A43      	GOTO       L_DecodificaProtocolo31
L_DecodificaProtocolo30:
;PCB_TITAN_PUMPCONTROLLER.c,158 :: 		if(Dta[0] == 'A' && Dta[1] == 'U' && Dta[2] == 'T')
0x022C	0x1683      	BSF        STATUS, 5
0x022D	0x0820      	MOVF       _Dta, 0
0x022E	0x3A41      	XORLW      65
0x022F	0x1D03      	BTFSS      STATUS, 2
0x0230	0x2A43      	GOTO       L_DecodificaProtocolo34
0x0231	0x0821      	MOVF       _Dta+1, 0
0x0232	0x3A55      	XORLW      85
0x0233	0x1D03      	BTFSS      STATUS, 2
0x0234	0x2A43      	GOTO       L_DecodificaProtocolo34
0x0235	0x0822      	MOVF       _Dta+2, 0
0x0236	0x3A54      	XORLW      84
0x0237	0x1D03      	BTFSS      STATUS, 2
0x0238	0x2A43      	GOTO       L_DecodificaProtocolo34
L__DecodificaProtocolo58:
;PCB_TITAN_PUMPCONTROLLER.c,159 :: 		{FlagAutoReuso = (Dta[3] - '0');
0x0239	0x3030      	MOVLW      48
0x023A	0x0223      	SUBWF      _Dta+3, 0
0x023B	0x1283      	BCF        STATUS, 5
0x023C	0x00AF      	MOVWF      _FlagAutoReuso
;PCB_TITAN_PUMPCONTROLLER.c,160 :: 		tmp = &FlagReenvmsg2;
0x023D	0x304D      	MOVLW      _FlagReenvmsg2
0x023E	0x00F1      	MOVWF      R1
;PCB_TITAN_PUMPCONTROLLER.c,161 :: 		*tmp = 1;
0x023F	0x0871      	MOVF       R1, 0
0x0240	0x0084      	MOVWF      FSR
0x0241	0x3001      	MOVLW      1
0x0242	0x0080      	MOVWF      INDF
;PCB_TITAN_PUMPCONTROLLER.c,162 :: 		}
L_DecodificaProtocolo34:
L_DecodificaProtocolo31:
;PCB_TITAN_PUMPCONTROLLER.c,163 :: 		}
L_end_DecodificaProtocolo:
0x0243	0x0008      	RETURN
; end of _DecodificaProtocolo
_main:
0x0244	0x22F6      	CALL       758
;PCB_TITAN_PUMPCONTROLLER.c,85 :: 		void main() {
;PCB_TITAN_PUMPCONTROLLER.c,86 :: 		Init_cfgMCU();
0x0245	0x21BF      	CALL       _Init_cfgMCU
;PCB_TITAN_PUMPCONTROLLER.c,87 :: 		UART1_Init(9600);
0x0246	0x3033      	MOVLW      51
0x0247	0x1683      	BSF        STATUS, 5
0x0248	0x0099      	MOVWF      SPBRG
0x0249	0x1518      	BSF        TXSTA, 2
0x024A	0x21AF      	CALL       _UART1_Init
;PCB_TITAN_PUMPCONTROLLER.c,88 :: 		Delay_ms(100);
0x024B	0x3002      	MOVLW      2
0x024C	0x00FB      	MOVWF      R11
0x024D	0x3004      	MOVLW      4
0x024E	0x00FC      	MOVWF      R12
0x024F	0x30BA      	MOVLW      186
0x0250	0x00FD      	MOVWF      R13
L_main10:
0x0251	0x0BFD      	DECFSZ     R13, 1
0x0252	0x2A51      	GOTO       L_main10
0x0253	0x0BFC      	DECFSZ     R12, 1
0x0254	0x2A51      	GOTO       L_main10
0x0255	0x0BFB      	DECFSZ     R11, 1
0x0256	0x2A51      	GOTO       L_main10
0x0257	0x0000      	NOP
;PCB_TITAN_PUMPCONTROLLER.c,89 :: 		Timers_Init();
0x0258	0x21A3      	CALL       _Timers_Init
;PCB_TITAN_PUMPCONTROLLER.c,91 :: 		Timers_Init(); //Configura interrupt global (INTCON)
0x0259	0x21A3      	CALL       _Timers_Init
;PCB_TITAN_PUMPCONTROLLER.c,93 :: 		PIR1.RCIF = 0;
0x025A	0x128C      	BCF        PIR1, 5
;PCB_TITAN_PUMPCONTROLLER.c,94 :: 		PIE1.RCIE = 1;
0x025B	0x1683      	BSF        STATUS, 5
0x025C	0x168C      	BSF        PIE1, 5
;PCB_TITAN_PUMPCONTROLLER.c,95 :: 		tempoLed = start_timer(50);
0x025D	0x3032      	MOVLW      50
0x025E	0x1283      	BCF        STATUS, 5
0x025F	0x00DF      	MOVWF      _tempoLed
0x0260	0x01E0      	CLRF       _tempoLed+1
0x0261	0x01E1      	CLRF       _tempoLed+2
0x0262	0x01E2      	CLRF       _tempoLed+3
0x0263	0x0854      	MOVF       _ticks, 0
0x0264	0x07DF      	ADDWF      _tempoLed, 1
0x0265	0x0855      	MOVF       _ticks+1, 0
0x0266	0x1803      	BTFSC      STATUS, 0
0x0267	0x0F55      	INCFSZ     _ticks+1, 0
0x0268	0x07E0      	ADDWF      _tempoLed+1, 1
0x0269	0x0856      	MOVF       _ticks+2, 0
0x026A	0x1803      	BTFSC      STATUS, 0
0x026B	0x0F56      	INCFSZ     _ticks+2, 0
0x026C	0x07E1      	ADDWF      _tempoLed+2, 1
0x026D	0x0857      	MOVF       _ticks+3, 0
0x026E	0x1803      	BTFSC      STATUS, 0
0x026F	0x0F57      	INCFSZ     _ticks+3, 0
0x0270	0x07E2      	ADDWF      _tempoLed+3, 1
;PCB_TITAN_PUMPCONTROLLER.c,96 :: 		tempoSmsg = start_timer(500);
0x0271	0x30F4      	MOVLW      244
0x0272	0x00E3      	MOVWF      _tempoSmsg
0x0273	0x3001      	MOVLW      1
0x0274	0x00E4      	MOVWF      _tempoSmsg+1
0x0275	0x01E5      	CLRF       _tempoSmsg+2
0x0276	0x01E6      	CLRF       _tempoSmsg+3
0x0277	0x0854      	MOVF       _ticks, 0
0x0278	0x07E3      	ADDWF      _tempoSmsg, 1
0x0279	0x0855      	MOVF       _ticks+1, 0
0x027A	0x1803      	BTFSC      STATUS, 0
0x027B	0x0F55      	INCFSZ     _ticks+1, 0
0x027C	0x07E4      	ADDWF      _tempoSmsg+1, 1
0x027D	0x0856      	MOVF       _ticks+2, 0
0x027E	0x1803      	BTFSC      STATUS, 0
0x027F	0x0F56      	INCFSZ     _ticks+2, 0
0x0280	0x07E5      	ADDWF      _tempoSmsg+2, 1
0x0281	0x0857      	MOVF       _ticks+3, 0
0x0282	0x1803      	BTFSC      STATUS, 0
0x0283	0x0F57      	INCFSZ     _ticks+3, 0
0x0284	0x07E6      	ADDWF      _tempoSmsg+3, 1
;PCB_TITAN_PUMPCONTROLLER.c,98 :: 		while(TRUE)
L_main11:
;PCB_TITAN_PUMPCONTROLLER.c,100 :: 		if(FlagAutoReuso==1)
0x0285	0x082F      	MOVF       _FlagAutoReuso, 0
0x0286	0x3A01      	XORLW      1
0x0287	0x1D03      	BTFSS      STATUS, 2
0x0288	0x2A94      	GOTO       L_main13
;PCB_TITAN_PUMPCONTROLLER.c,102 :: 		if((CIST1==0 || CIST2==0) && CIST_PRINC==0)ACIONA_V2V=0;
0x0289	0x1C06      	BTFSS      PORTB, 0
0x028A	0x2A8E      	GOTO       L__main57
0x028B	0x1C86      	BTFSS      PORTB, 1
0x028C	0x2A8E      	GOTO       L__main57
0x028D	0x2A92      	GOTO       L_main18
L__main57:
0x028E	0x1D06      	BTFSS      PORTB, 2
0x028F	0x2A92      	GOTO       L_main18
L__main56:
0x0290	0x1306      	BCF        PORTB, 6
0x0291	0x2A93      	GOTO       L_main19
L_main18:
;PCB_TITAN_PUMPCONTROLLER.c,104 :: 		ACIONA_V2V=1;
0x0292	0x1706      	BSF        PORTB, 6
L_main19:
;PCB_TITAN_PUMPCONTROLLER.c,105 :: 		}
0x0293	0x2A9E      	GOTO       L_main20
L_main13:
;PCB_TITAN_PUMPCONTROLLER.c,107 :: 		if(CIST_PRINC==0&&FlagLigaV2V==1)
0x0294	0x1D06      	BTFSS      PORTB, 2
0x0295	0x2A9C      	GOTO       L_main23
0x0296	0x085D      	MOVF       _FlagLigaV2V, 0
0x0297	0x3A01      	XORLW      1
0x0298	0x1D03      	BTFSS      STATUS, 2
0x0299	0x2A9C      	GOTO       L_main23
L__main55:
;PCB_TITAN_PUMPCONTROLLER.c,108 :: 		{ACIONA_V2V=0;//liga V2V
0x029A	0x1306      	BCF        PORTB, 6
;PCB_TITAN_PUMPCONTROLLER.c,110 :: 		}
0x029B	0x2A9E      	GOTO       L_main24
L_main23:
;PCB_TITAN_PUMPCONTROLLER.c,113 :: 		ACIONA_V2V=1;
0x029C	0x1706      	BSF        PORTB, 6
;PCB_TITAN_PUMPCONTROLLER.c,114 :: 		FlagLigaV2V=0;
0x029D	0x01DD      	CLRF       _FlagLigaV2V
;PCB_TITAN_PUMPCONTROLLER.c,115 :: 		}
L_main24:
L_main20:
;PCB_TITAN_PUMPCONTROLLER.c,117 :: 		if(FlagReenvmsg1==1)
0x029E	0x085C      	MOVF       _FlagReenvmsg1, 0
0x029F	0x3A01      	XORLW      1
0x02A0	0x1D03      	BTFSS      STATUS, 2
0x02A1	0x2AA8      	GOTO       L_main25
;PCB_TITAN_PUMPCONTROLLER.c,119 :: 		REEnviarDados("C1OK");
0x02A2	0x304E      	MOVLW      ?lstr1_PCB_TITAN_PUMPCONTROLLER
0x02A3	0x00EB      	MOVWF      FARG_REEnviarDados_retData
0x02A4	0x215A      	CALL       _REEnviarDados
;PCB_TITAN_PUMPCONTROLLER.c,120 :: 		FlagReenvmsg1=0;
0x02A5	0x1283      	BCF        STATUS, 5
0x02A6	0x01DC      	CLRF       _FlagReenvmsg1
;PCB_TITAN_PUMPCONTROLLER.c,121 :: 		}
0x02A7	0x2AB1      	GOTO       L_main26
L_main25:
;PCB_TITAN_PUMPCONTROLLER.c,122 :: 		else if(FlagReenvmsg2==1)
0x02A8	0x084D      	MOVF       _FlagReenvmsg2, 0
0x02A9	0x3A01      	XORLW      1
0x02AA	0x1D03      	BTFSS      STATUS, 2
0x02AB	0x2AB1      	GOTO       L_main27
;PCB_TITAN_PUMPCONTROLLER.c,124 :: 		REEnviarDados("C2OK");
0x02AC	0x3048      	MOVLW      ?lstr2_PCB_TITAN_PUMPCONTROLLER
0x02AD	0x00EB      	MOVWF      FARG_REEnviarDados_retData
0x02AE	0x215A      	CALL       _REEnviarDados
;PCB_TITAN_PUMPCONTROLLER.c,125 :: 		FlagReenvmsg2=0;
0x02AF	0x1283      	BCF        STATUS, 5
0x02B0	0x01CD      	CLRF       _FlagReenvmsg2
;PCB_TITAN_PUMPCONTROLLER.c,126 :: 		}
L_main27:
L_main26:
;PCB_TITAN_PUMPCONTROLLER.c,127 :: 		Delay1();
0x02B1	0x2172      	CALL       _Delay1
;PCB_TITAN_PUMPCONTROLLER.c,128 :: 		Delay2();
0x02B2	0x21CC      	CALL       _Delay2
;PCB_TITAN_PUMPCONTROLLER.c,129 :: 		}
0x02B3	0x2A85      	GOTO       L_main11
;PCB_TITAN_PUMPCONTROLLER.c,130 :: 		}
L_end_main:
0x02B4	0x2AB4      	GOTO       $+0
; end of _main
0x02F6	0x3023      	MOVLW      35
0x02F7	0x0084      	MOVWF      FSR
0x02F8	0x303B      	MOVLW      59
0x02F9	0x1283      	BCF        STATUS, 5
0x02FA	0x1303      	BCF        STATUS, 6
0x02FB	0x00F0      	MOVWF      R0
0x02FC	0x30BA      	MOVLW      186
0x02FD	0x00E8      	MOVWF      ___DoICPAddr
0x02FE	0x3002      	MOVLW      2
0x02FF	0x00E9      	MOVWF      105
0x0300	0x21FC      	CALL       508
0x0301	0x0008      	RETURN
;PCB_TITAN_PUMPCONTROLLER.c,0 :: ?ICS?lstr7_PCB_TITAN_PUMPCONTROLLER
0x02BA	0x3445 ;?ICS?lstr7_PCB_TITAN_PUMPCONTROLLER+0
0x02BB	0x3444 ;?ICS?lstr7_PCB_TITAN_PUMPCONTROLLER+1
0x02BC	0x3434 ;?ICS?lstr7_PCB_TITAN_PUMPCONTROLLER+2
0x02BD	0x3400 ;?ICS?lstr7_PCB_TITAN_PUMPCONTROLLER+3
; end of ?ICS?lstr7_PCB_TITAN_PUMPCONTROLLER
;PCB_TITAN_PUMPCONTROLLER.c,0 :: ?ICS?lstr6_PCB_TITAN_PUMPCONTROLLER
0x02BE	0x3445 ;?ICS?lstr6_PCB_TITAN_PUMPCONTROLLER+0
0x02BF	0x3444 ;?ICS?lstr6_PCB_TITAN_PUMPCONTROLLER+1
0x02C0	0x3433 ;?ICS?lstr6_PCB_TITAN_PUMPCONTROLLER+2
0x02C1	0x3400 ;?ICS?lstr6_PCB_TITAN_PUMPCONTROLLER+3
; end of ?ICS?lstr6_PCB_TITAN_PUMPCONTROLLER
;PCB_TITAN_PUMPCONTROLLER.c,0 :: ?ICS?lstr5_PCB_TITAN_PUMPCONTROLLER
0x02C2	0x3445 ;?ICS?lstr5_PCB_TITAN_PUMPCONTROLLER+0
0x02C3	0x3444 ;?ICS?lstr5_PCB_TITAN_PUMPCONTROLLER+1
0x02C4	0x3432 ;?ICS?lstr5_PCB_TITAN_PUMPCONTROLLER+2
0x02C5	0x3400 ;?ICS?lstr5_PCB_TITAN_PUMPCONTROLLER+3
; end of ?ICS?lstr5_PCB_TITAN_PUMPCONTROLLER
;PCB_TITAN_PUMPCONTROLLER.c,0 :: ?ICS_FlagAutoReuso
0x02C6	0x3400 ;?ICS_FlagAutoReuso+0
; end of ?ICS_FlagAutoReuso
;PCB_TITAN_PUMPCONTROLLER.c,0 :: ?ICS?lstr9_PCB_TITAN_PUMPCONTROLLER
0x02C7	0x3456 ;?ICS?lstr9_PCB_TITAN_PUMPCONTROLLER+0
0x02C8	0x3432 ;?ICS?lstr9_PCB_TITAN_PUMPCONTROLLER+1
0x02C9	0x3456 ;?ICS?lstr9_PCB_TITAN_PUMPCONTROLLER+2
0x02CA	0x3400 ;?ICS?lstr9_PCB_TITAN_PUMPCONTROLLER+3
; end of ?ICS?lstr9_PCB_TITAN_PUMPCONTROLLER
;PCB_TITAN_PUMPCONTROLLER.c,0 :: ?ICS?lstr8_PCB_TITAN_PUMPCONTROLLER
0x02CB	0x3445 ;?ICS?lstr8_PCB_TITAN_PUMPCONTROLLER+0
0x02CC	0x3444 ;?ICS?lstr8_PCB_TITAN_PUMPCONTROLLER+1
0x02CD	0x3435 ;?ICS?lstr8_PCB_TITAN_PUMPCONTROLLER+2
0x02CE	0x3400 ;?ICS?lstr8_PCB_TITAN_PUMPCONTROLLER+3
; end of ?ICS?lstr8_PCB_TITAN_PUMPCONTROLLER
;PCB_TITAN_PUMPCONTROLLER.c,0 :: ?ICS?lstr13_PCB_TITAN_PUMPCONTROLLER
0x02CF	0x3431 ;?ICS?lstr13_PCB_TITAN_PUMPCONTROLLER+0
0x02D0	0x3400 ;?ICS?lstr13_PCB_TITAN_PUMPCONTROLLER+1
; end of ?ICS?lstr13_PCB_TITAN_PUMPCONTROLLER
;PCB_TITAN_PUMPCONTROLLER.c,0 :: ?ICS?lstr12_PCB_TITAN_PUMPCONTROLLER
0x02D1	0x3430 ;?ICS?lstr12_PCB_TITAN_PUMPCONTROLLER+0
0x02D2	0x3400 ;?ICS?lstr12_PCB_TITAN_PUMPCONTROLLER+1
; end of ?ICS?lstr12_PCB_TITAN_PUMPCONTROLLER
;PCB_TITAN_PUMPCONTROLLER.c,0 :: ?ICS?lstr11_PCB_TITAN_PUMPCONTROLLER
0x02D3	0x345B ;?ICS?lstr11_PCB_TITAN_PUMPCONTROLLER+0
0x02D4	0x3400 ;?ICS?lstr11_PCB_TITAN_PUMPCONTROLLER+1
; end of ?ICS?lstr11_PCB_TITAN_PUMPCONTROLLER
;PCB_TITAN_PUMPCONTROLLER.c,0 :: ?ICS?lstr4_PCB_TITAN_PUMPCONTROLLER
0x02D5	0x3445 ;?ICS?lstr4_PCB_TITAN_PUMPCONTROLLER+0
0x02D6	0x3444 ;?ICS?lstr4_PCB_TITAN_PUMPCONTROLLER+1
0x02D7	0x3431 ;?ICS?lstr4_PCB_TITAN_PUMPCONTROLLER+2
0x02D8	0x3400 ;?ICS?lstr4_PCB_TITAN_PUMPCONTROLLER+3
; end of ?ICS?lstr4_PCB_TITAN_PUMPCONTROLLER
;PCB_TITAN_PUMPCONTROLLER.c,0 :: ?ICS?lstr3_PCB_TITAN_PUMPCONTROLLER
0x02D9	0x3445 ;?ICS?lstr3_PCB_TITAN_PUMPCONTROLLER+0
0x02DA	0x3444 ;?ICS?lstr3_PCB_TITAN_PUMPCONTROLLER+1
0x02DB	0x3430 ;?ICS?lstr3_PCB_TITAN_PUMPCONTROLLER+2
0x02DC	0x3400 ;?ICS?lstr3_PCB_TITAN_PUMPCONTROLLER+3
; end of ?ICS?lstr3_PCB_TITAN_PUMPCONTROLLER
;PCB_TITAN_PUMPCONTROLLER.c,0 :: ?ICS?lstr14_PCB_TITAN_PUMPCONTROLLER
0x02DD	0x345D ;?ICS?lstr14_PCB_TITAN_PUMPCONTROLLER+0
0x02DE	0x3400 ;?ICS?lstr14_PCB_TITAN_PUMPCONTROLLER+1
; end of ?ICS?lstr14_PCB_TITAN_PUMPCONTROLLER
;PCB_TITAN_PUMPCONTROLLER.c,0 :: ?ICS?lstr2_PCB_TITAN_PUMPCONTROLLER
0x02DF	0x3443 ;?ICS?lstr2_PCB_TITAN_PUMPCONTROLLER+0
0x02E0	0x3432 ;?ICS?lstr2_PCB_TITAN_PUMPCONTROLLER+1
0x02E1	0x344F ;?ICS?lstr2_PCB_TITAN_PUMPCONTROLLER+2
0x02E2	0x344B ;?ICS?lstr2_PCB_TITAN_PUMPCONTROLLER+3
0x02E3	0x3400 ;?ICS?lstr2_PCB_TITAN_PUMPCONTROLLER+4
; end of ?ICS?lstr2_PCB_TITAN_PUMPCONTROLLER
;PCB_TITAN_PUMPCONTROLLER.c,0 :: ?ICS_FlagReenvmsg2
0x02E4	0x3400 ;?ICS_FlagReenvmsg2+0
; end of ?ICS_FlagReenvmsg2
;PCB_TITAN_PUMPCONTROLLER.c,0 :: ?ICS?lstr1_PCB_TITAN_PUMPCONTROLLER
0x02E5	0x3443 ;?ICS?lstr1_PCB_TITAN_PUMPCONTROLLER+0
0x02E6	0x3431 ;?ICS?lstr1_PCB_TITAN_PUMPCONTROLLER+1
0x02E7	0x344F ;?ICS?lstr1_PCB_TITAN_PUMPCONTROLLER+2
0x02E8	0x344B ;?ICS?lstr1_PCB_TITAN_PUMPCONTROLLER+3
0x02E9	0x3400 ;?ICS?lstr1_PCB_TITAN_PUMPCONTROLLER+4
; end of ?ICS?lstr1_PCB_TITAN_PUMPCONTROLLER
;PCB_TITAN_PUMPCONTROLLER.c,0 :: ?ICS__Aux
0x02EA	0x3400 ;?ICS__Aux+0
; end of ?ICS__Aux
;PCB_TITAN_PUMPCONTROLLER.c,0 :: ?ICS_ticks
0x02EB	0x3400 ;?ICS_ticks+0
0x02EC	0x3400 ;?ICS_ticks+1
0x02ED	0x3400 ;?ICS_ticks+2
0x02EE	0x3400 ;?ICS_ticks+3
; end of ?ICS_ticks
;PCB_TITAN_PUMPCONTROLLER.c,0 :: ?ICS?lstr10_PCB_TITAN_PUMPCONTROLLER
0x02EF	0x3441 ;?ICS?lstr10_PCB_TITAN_PUMPCONTROLLER+0
0x02F0	0x3455 ;?ICS?lstr10_PCB_TITAN_PUMPCONTROLLER+1
0x02F1	0x3454 ;?ICS?lstr10_PCB_TITAN_PUMPCONTROLLER+2
0x02F2	0x3400 ;?ICS?lstr10_PCB_TITAN_PUMPCONTROLLER+3
; end of ?ICS?lstr10_PCB_TITAN_PUMPCONTROLLER
;PCB_TITAN_PUMPCONTROLLER.c,0 :: ?ICS_FlagReenvmsg1
0x02F3	0x3400 ;?ICS_FlagReenvmsg1+0
; end of ?ICS_FlagReenvmsg1
;PCB_TITAN_PUMPCONTROLLER.c,0 :: ?ICS_FlagLigaV2V
0x02F4	0x3400 ;?ICS_FlagLigaV2V+0
; end of ?ICS_FlagLigaV2V
Symbol List:
//** Routines locations **
//ADDRESS    SIZE    PROCEDURE
//----------------------------------------------
0x0004     [100]    _UART_RCV
0x0068       [9]    _MBReceive_On_RS485
0x0071      [10]    _UART1_Write
0x007B       [6]    _MBTransmit_On_RS485
0x0081       [4]    _uart_rx_enable
0x0085      [26]    _UART1_Write_Text
0x009F       [4]    _uart_rx_disable
0x00A3      [24]    _SendStateProtocol
0x00BB       [7]    _____DoICP
0x00C2     [152]    _sendports
0x015A      [24]    _REEnviarDados
0x0172      [49]    _Delay1
0x01A3      [12]    _Timers_Init
0x01AF      [16]    _UART1_Init
0x01BF      [13]    _Init_cfgMCU
0x01CC      [48]    _Delay2
0x01FC      [12]    ___CC2DW
0x0208      [11]    _UART1_Read
0x0213      [49]    _DecodificaProtocolo
0x0244     [112]    _main
//** Variables locations ** 
//ADDRESS    SIZE    VARIABLE
//----------------------------------------------
0x0000       [1]    INDF
0x0001       [1]    TMR0
0x0002       [1]    PCL
0x0003       [1]    STATUS
0x0004       [1]    FSR
0x0005       [1]    PORTA
0x0006       [1]    PORTB
0x000A       [1]    PCLATH
0x000B       [0]    TMR0IF_bit
0x000B       [0]    TMR0IE_bit
0x000B       [1]    INTCON
0x000C       [1]    PIR1
0x0018       [1]    RCSTA
0x0019       [1]    TXREG
0x001A       [1]    RCREG
0x0023       [4]    ?lstr7_PCB_TITAN_PUMPCONTROLLER
0x0027       [4]    ?lstr6_PCB_TITAN_PUMPCONTROLLER
0x002B       [4]    ?lstr5_PCB_TITAN_PUMPCONTROLLER
0x002F       [1]    _FlagAutoReuso
0x0030       [4]    ?lstr9_PCB_TITAN_PUMPCONTROLLER
0x0034       [4]    ?lstr8_PCB_TITAN_PUMPCONTROLLER
0x0038       [2]    ?lstr13_PCB_TITAN_PUMPCONTROLLER
0x003A       [2]    ?lstr12_PCB_TITAN_PUMPCONTROLLER
0x003C       [2]    ?lstr11_PCB_TITAN_PUMPCONTROLLER
0x003E       [4]    ?lstr4_PCB_TITAN_PUMPCONTROLLER
0x0042       [4]    ?lstr3_PCB_TITAN_PUMPCONTROLLER
0x0046       [2]    ?lstr14_PCB_TITAN_PUMPCONTROLLER
0x0048       [5]    ?lstr2_PCB_TITAN_PUMPCONTROLLER
0x004D       [1]    _FlagReenvmsg2
0x004E       [5]    ?lstr1_PCB_TITAN_PUMPCONTROLLER
0x0053       [1]    __Aux
0x0054       [4]    _ticks
0x0058       [4]    ?lstr10_PCB_TITAN_PUMPCONTROLLER
0x005C       [1]    _FlagReenvmsg1
0x005D       [1]    _FlagLigaV2V
0x005E       [1]    _Pot
0x005F       [4]    _tempoLed
0x0063       [4]    _tempoSmsg
0x0067       [1]    ___savePCLATH
0x0068       [2]    ___DoICPAddr
0x006A       [1]    ___saveSTATUS
0x006B       [1]    ?FLOC___Delay1T106
0x006B       [1]    FARG_REEnviarDados_retData
0x006C       [1]    FARG_SendStateProtocol_GPIO
0x006D       [1]    FARG_SendStateProtocol_txt
0x006E       [1]    FARG_UART1_Write_Text_uart_text
0x006F       [1]    UART1_Write_Text_data__L0
0x0070       [1]    R0
0x0071       [1]    R1
0x0072       [1]    R2
0x0073       [1]    R3
0x0074       [1]    R4
0x0075       [1]    R5
0x0076       [1]    R6
0x0077       [1]    R7
0x0078       [1]    R8
0x0079       [1]    R9
0x007A       [1]    R10
0x007B       [1]    R11
0x007C       [1]    R12
0x007D       [1]    R13
0x007E       [1]    R14
0x007F       [1]    R15
0x0081       [1]    OPTION_REG
0x0085       [1]    TRISA
0x0086       [1]    TRISB
0x0087       [0]    TRISC6_bit
0x0087       [0]    TRISC7_bit
0x008C       [1]    PIE1
0x0098       [1]    TXSTA
0x0099       [1]    SPBRG
0x009A       [1]    SPBRGH
0x00A0      [20]    _Dta
0x00B4       [1]    UART1_Write_Text_counter_L0
0x00B5       [1]    FARG_UART1_Write_data_
0x00B6       [1]    UART_RCV_sdata_L0
0x0188       [1]    ANSEL
0x0189       [1]    ANSELH
//** Constants locations ** 
//ADDRESS    SIZE    CONSTANT
//----------------------------------------------
0x02BA       [4]    ?ICS?lstr7_PCB_TITAN_PUMPCONTROLLER
0x02BE       [4]    ?ICS?lstr6_PCB_TITAN_PUMPCONTROLLER
0x02C2       [4]    ?ICS?lstr5_PCB_TITAN_PUMPCONTROLLER
0x02C6       [1]    ?ICS_FlagAutoReuso
0x02C7       [4]    ?ICS?lstr9_PCB_TITAN_PUMPCONTROLLER
0x02CB       [4]    ?ICS?lstr8_PCB_TITAN_PUMPCONTROLLER
0x02CF       [2]    ?ICS?lstr13_PCB_TITAN_PUMPCONTROLLER
0x02D1       [2]    ?ICS?lstr12_PCB_TITAN_PUMPCONTROLLER
0x02D3       [2]    ?ICS?lstr11_PCB_TITAN_PUMPCONTROLLER
0x02D5       [4]    ?ICS?lstr4_PCB_TITAN_PUMPCONTROLLER
0x02D9       [4]    ?ICS?lstr3_PCB_TITAN_PUMPCONTROLLER
0x02DD       [2]    ?ICS?lstr14_PCB_TITAN_PUMPCONTROLLER
0x02DF       [5]    ?ICS?lstr2_PCB_TITAN_PUMPCONTROLLER
0x02E4       [1]    ?ICS_FlagReenvmsg2
0x02E5       [5]    ?ICS?lstr1_PCB_TITAN_PUMPCONTROLLER
0x02EA       [1]    ?ICS__Aux
0x02EB       [4]    ?ICS_ticks
0x02EF       [4]    ?ICS?lstr10_PCB_TITAN_PUMPCONTROLLER
0x02F3       [1]    ?ICS_FlagReenvmsg1
0x02F4       [1]    ?ICS_FlagLigaV2V
